2011-04-09 12:25:51 [INFO] Starting minecraft server version Beta 1.4
2011-04-09 12:25:51 [INFO] Loading properties
2011-04-09 12:25:51 [WARNING] lasspath does not exist
2011-04-09 12:25:51 [INFO] Generating new properties file
2011-04-09 12:25:51 [INFO] Starting Minecraft server on *:25565
2011-04-09 12:25:51 [INFO] This server is running Craftbukkit version git-Bukkit-0.0.0-612-g4c7a9e7-b617jnks (MC: 1.4)
2011-04-09 12:25:51 [WARNING] Failed to load ban list: java.io.FileNotFoundException: banned-players.txt (No such file or directory)
2011-04-09 12:25:51 [WARNING] Failed to load ip ban list: java.io.FileNotFoundException: banned-ips.txt (No such file or directory)
2011-04-09 12:25:51 [WARNING] Failed to load ops: java.io.FileNotFoundException: ops.txt (No such file or directory)
2011-04-09 12:25:51 [WARNING] Failed to load white-list: java.io.FileNotFoundException: white-list.txt (No such file or directory)
2011-04-09 12:25:51 [INFO] Preparing level "world"
2011-04-09 12:25:52 [INFO] Preparing start region
2011-04-09 12:25:52 [INFO] 144 recipes
2011-04-09 12:25:54 [INFO] Preparing spawn area: 4%
2011-04-09 12:25:55 [INFO] Preparing spawn area: 8%
2011-04-09 12:25:56 [INFO] Preparing spawn area: 16%
2011-04-09 12:25:57 [INFO] Preparing spawn area: 20%
2011-04-09 12:25:58 [INFO] Preparing spawn area: 24%
2011-04-09 12:25:59 [INFO] Preparing spawn area: 32%
2011-04-09 12:26:00 [INFO] Preparing spawn area: 36%
2011-04-09 12:26:01 [INFO] Preparing spawn area: 44%
2011-04-09 12:26:02 [INFO] Preparing spawn area: 52%
2011-04-09 12:26:03 [INFO] Preparing spawn area: 61%
2011-04-09 12:26:05 [INFO] Preparing spawn area: 69%
2011-04-09 12:26:06 [INFO] Preparing spawn area: 81%
2011-04-09 12:26:07 [INFO] Preparing spawn area: 93%
2011-04-09 12:26:07 [INFO] Done (1.594s)! For help, type "help" or "?"
